[     428ms] [INFO] %cDownload the React DevTools for a better development experience: https://react.dev/link/react-devtools font-weight:bold @ http://localhost:3000/_next/static/chunks/node_modules_next_dist_115brz8._.js:2431
[     531ms] [LOG] [HMR] connected @ http://localhost:3000/_next/static/chunks/node_modules_next_dist_115brz8._.js:2431
[  230113ms] [LOG] [Fast Refresh] rebuilding @ http://localhost:3000/_next/static/chunks/node_modules_next_dist_115brz8._.js:2431
[  230751ms] [LOG] [Fast Refresh] done in 744ms @ http://localhost:3000/_next/static/chunks/node_modules_next_dist_115brz8._.js:2431
[  235090ms] [LOG] [Fast Refresh] rebuilding @ http://localhost:3000/_next/static/chunks/node_modules_next_dist_115brz8._.js:2431
[  235184ms] [LOG] [Fast Refresh] done in 205ms @ http://localhost:3000/_next/static/chunks/node_modules_next_dist_115brz8._.js:2431
[  235314ms] [LOG] [Fast Refresh] rebuilding @ http://localhost:3000/_next/static/chunks/node_modules_next_dist_115brz8._.js:2431
[  235454ms] [LOG] [Fast Refresh] done in 251ms @ http://localhost:3000/_next/static/chunks/node_modules_next_dist_115brz8._.js:2431
[ 3908480ms] [LOG] [HMR] connected @ http://localhost:3000/_next/static/chunks/node_modules_next_dist_115brz8._.js:2431
[ 8586095ms] [LOG] [HMR] connected @ http://localhost:3000/_next/static/chunks/node_modules_next_dist_115brz8._.js:2431
[ 9464425ms] [LOG] [HMR] connected @ http://localhost:3000/_next/static/chunks/node_modules_next_dist_115brz8._.js:2431
[10178901ms] [ERROR] WebSocket connection to 'ws://localhost:3000/_next/webpack-hmr?id=jT_V71-bZMX8UMoT8P-vX' failed: Error in connection establishment: net::ERR_CONNECTION_REFUSED @ http://localhost:3000/_next/static/chunks/node_modules_next_dist_client_0fhqo1d._.js:13299
[10182247ms] [ERROR] WebSocket connection to 'ws://localhost:3000/_next/webpack-hmr?id=jT_V71-bZMX8UMoT8P-vX' failed: Error in connection establishment: net::ERR_CONNECTION_REFUSED @ http://localhost:3000/_next/static/chunks/node_modules_next_dist_client_0fhqo1d._.js:13299
[10185588ms] [ERROR] WebSocket connection to 'ws://localhost:3000/_next/webpack-hmr?id=jT_V71-bZMX8UMoT8P-vX' failed: Error in connection establishment: net::ERR_CONNECTION_REFUSED @ http://localhost:3000/_next/static/chunks/node_modules_next_dist_client_0fhqo1d._.js:13299
[10188942ms] [ERROR] WebSocket connection to 'ws://localhost:3000/_next/webpack-hmr?id=jT_V71-bZMX8UMoT8P-vX' failed: Error in connection establishment: net::ERR_CONNECTION_REFUSED @ http://localhost:3000/_next/static/chunks/node_modules_next_dist_client_0fhqo1d._.js:13299
[10192295ms] [ERROR] WebSocket connection to 'ws://localhost:3000/_next/webpack-hmr?id=jT_V71-bZMX8UMoT8P-vX' failed: Error in connection establishment: net::ERR_CONNECTION_REFUSED @ http://localhost:3000/_next/static/chunks/node_modules_next_dist_client_0fhqo1d._.js:13299
[10199666ms] [ERROR] WebSocket connection to 'ws://localhost:3000/_next/webpack-hmr?id=jT_V71-bZMX8UMoT8P-vX' failed: Error in connection establishment: net::ERR_CONNECTION_REFUSED @ http://localhost:3000/_next/static/chunks/node_modules_next_dist_client_0fhqo1d._.js:13299
[10207040ms] [ERROR] WebSocket connection to 'ws://localhost:3000/_next/webpack-hmr?id=jT_V71-bZMX8UMoT8P-vX' failed: Error in connection establishment: net::ERR_CONNECTION_REFUSED @ http://localhost:3000/_next/static/chunks/node_modules_next_dist_client_0fhqo1d._.js:13299
[10214414ms] [ERROR] WebSocket connection to 'ws://localhost:3000/_next/webpack-hmr?id=jT_V71-bZMX8UMoT8P-vX' failed: Error in connection establishment: net::ERR_CONNECTION_REFUSED @ http://localhost:3000/_next/static/chunks/node_modules_next_dist_client_0fhqo1d._.js:13299
[10221803ms] [ERROR] WebSocket connection to 'ws://localhost:3000/_next/webpack-hmr?id=jT_V71-bZMX8UMoT8P-vX' failed: Error in connection establishment: net::ERR_CONNECTION_REFUSED @ http://localhost:3000/_next/static/chunks/node_modules_next_dist_client_0fhqo1d._.js:13299
[10229205ms] [ERROR] WebSocket connection to 'ws://localhost:3000/_next/webpack-hmr?id=jT_V71-bZMX8UMoT8P-vX' failed: Error in connection establishment: net::ERR_CONNECTION_REFUSED @ http://localhost:3000/_next/static/chunks/node_modules_next_dist_client_0fhqo1d._.js:13299
[10236609ms] [ERROR] WebSocket connection to 'ws://localhost:3000/_next/webpack-hmr?id=jT_V71-bZMX8UMoT8P-vX' failed: Error in connection establishment: net::ERR_CONNECTION_REFUSED @ http://localhost:3000/_next/static/chunks/node_modules_next_dist_client_0fhqo1d._.js:13299
[10244055ms] [ERROR] WebSocket connection to 'ws://localhost:3000/_next/webpack-hmr?id=jT_V71-bZMX8UMoT8P-vX' failed: Error in connection establishment: net::ERR_CONNECTION_REFUSED @ http://localhost:3000/_next/static/chunks/node_modules_next_dist_client_0fhqo1d._.js:13299
